# JRE version: Java(TM) SE Runtime Environment (7.0_80-b15) (build 1.7.0_80-b15)
# Java VM: Java HotSpot(TM) 64-Bit Server VM (24.80-b11 mixed mode linux-amd64 compressed oops)
Heap
 PSYoungGen      total 32768K, used 24658K [0x00000000ed100000, 0x00000000f1100000, 0x0000000100000000)
  eden space 30720K, 73% used [0x00000000ed100000,0x00000000ee716e20,0x00000000eef00000)
  from space 2048K, 99% used [0x00000000eef00000,0x00000000ef0fdc90,0x00000000ef100000)
  to   space 2048K, 0% used [0x00000000f0f00000,0x00000000f0f00000,0x00000000f1100000)
 ParOldGen       total 38400K, used 7605K [0x00000000c7400000, 0x00000000c9980000, 0x00000000ed100000)
  object space 38400K, 19% used [0x00000000c7400000,0x00000000c7b6d568,0x00000000c9980000)
 PSPermGen       total 23552K, used 23209K [0x00000000c2200000, 0x00000000c3900000, 0x00000000c7400000)
  object space 23552K, 98% used [0x00000000c2200000,0x00000000c38aa558,0x00000000c3900000)
GC Heap History (6 events):
Event: 0,280 GC heap before
{Heap before GC invocations=1 (full 0):
 PSYoungGen      total 17408K, used 15348K [0x00000000ed100000, 0x00000000ee400000, 0x0000000100000000)
  eden space 15360K, 99% used [0x00000000ed100000,0x00000000edffd328,0x00000000ee000000)
  from space 2048K, 0% used [0x00000000ee200000,0x00000000ee200000,0x00000000ee400000)
  to   space 2048K, 0% used [0x00000000ee000000,0x00000000ee000000,0x00000000ee200000)
 ParOldGen       total 38400K, used 0K [0x00000000c7400000, 0x00000000c9980000, 0x00000000ed100000)
  object space 38400K, 0% used [0x00000000c7400000,0x00000000c7400000,0x00000000c9980000)
 PSPermGen       total 21504K, used 2667K [0x00000000c2200000, 0x00000000c3700000, 0x00000000c7400000)
  object space 21504K, 12% used [0x00000000c2200000,0x00000000c249afe8,0x00000000c3700000)
Event: 0,284 GC heap after
Heap after GC invocations=1 (full 0):
 PSYoungGen      total 17408K, used 602K [0x00000000ed100000, 0x00000000ef300000, 0x0000000100000000)
  eden space 15360K, 0% used [0x00000000ed100000,0x00000000ed100000,0x00000000ee000000)
  from space 2048K, 29% used [0x00000000ee000000,0x00000000ee096a30,0x00000000ee200000)
  to   space 2048K, 0% used [0x00000000ef100000,0x00000000ef100000,0x00000000ef300000)
 ParOldGen       total 38400K, used 0K [0x00000000c7400000, 0x00000000c9980000, 0x00000000ed100000)
  object space 38400K, 0% used [0x00000000c7400000,0x00000000c7400000,0x00000000c9980000)
 PSPermGen       total 21504K, used 2667K [0x00000000c2200000, 0x00000000c3700000, 0x00000000c7400000)
  object space 21504K, 12% used [0x00000000c2200000,0x00000000c249afe8,0x00000000c3700000)
}
Event: 1,112 GC heap before
{Heap before GC invocations=2 (full 0):
 PSYoungGen      total 17408K, used 15962K [0x00000000ed100000, 0x00000000ef300000, 0x0000000100000000)
  eden space 15360K, 100% used [0x00000000ed100000,0x00000000ee000000,0x00000000ee000000)
  from space 2048K, 29% used [0x00000000ee000000,0x00000000ee096a30,0x00000000ee200000)
  to   space 2048K, 0% used [0x00000000ef100000,0x00000000ef100000,0x00000000ef300000)
 ParOldGen       total 38400K, used 0K [0x00000000c7400000, 0x00000000c9980000, 0x00000000ed100000)
  object space 38400K, 0% used [0x00000000c7400000,0x00000000c7400000,0x00000000c9980000)
 PSPermGen       total 21504K, used 9107K [0x00000000c2200000, 0x00000000c3700000, 0x00000000c7400000)
  object space 21504K, 42% used [0x00000000c2200000,0x00000000c2ae4c88,0x00000000c3700000)
Event: 1,122 GC heap after
Heap after GC invocations=2 (full 0):
 PSYoungGen      total 32768K, used 2042K [0x00000000ed100000, 0x00000000ef300000, 0x0000000100000000)
  eden space 30720K, 0% used [0x00000000ed100000,0x00000000ed100000,0x00000000eef00000)
  from space 2048K, 99% used [0x00000000ef100000,0x00000000ef2fe830,0x00000000ef300000)
  to   space 2048K, 0% used [0x00000000eef00000,0x00000000eef00000,0x00000000ef100000)
 ParOldGen       total 38400K, used 1605K [0x00000000c7400000, 0x00000000c9980000, 0x00000000ed100000)
  object space 38400K, 4% used [0x00000000c7400000,0x00000000c7591420,0x00000000c9980000)
 PSPermGen       total 21504K, used 9107K [0x00000000c2200000, 0x00000000c3700000, 0x00000000c7400000)
  object space 21504K, 42% used [0x00000000c2200000,0x00000000c2ae4c88,0x00000000c3700000)
}
Event: 2,645 GC heap before
{Heap before GC invocations=3 (full 0):
 PSYoungGen      total 32768K, used 32762K [0x00000000ed100000, 0x00000000ef300000, 0x0000000100000000)
  eden space 30720K, 100% used [0x00000000ed100000,0x00000000eef00000,0x00000000eef00000)
  from space 2048K, 99% used [0x00000000ef100000,0x00000000ef2fe830,0x00000000ef300000)
  to   space 2048K, 0% used [0x00000000eef00000,0x00000000eef00000,0x00000000ef100000)
 ParOldGen       total 38400K, used 1605K [0x00000000c7400000, 0x00000000c9980000, 0x00000000ed100000)
  object space 38400K, 4% used [0x00000000c7400000,0x00000000c7591420,0x00000000c9980000)
 PSPermGen       total 21504K, used 19734K [0x00000000c2200000, 0x00000000c3700000, 0x00000000c7400000)
  object space 21504K, 91% used [0x00000000c2200000,0x00000000c3545a18,0x00000000c3700000)
Event: 2,661 GC heap after
Heap after GC invocations=3 (full 0):
 PSYoungGen      total 32768K, used 2039K [0x00000000ed100000, 0x00000000f1100000, 0x0000000100000000)
  eden space 30720K, 0% used [0x00000000ed100000,0x00000000ed100000,0x00000000eef00000)
  from space 2048K, 99% used [0x00000000eef00000,0x00000000ef0fdc90,0x00000000ef100000)
  to   space 2048K, 0% used [0x00000000f0f00000,0x00000000f0f00000,0x00000000f1100000)
 ParOldGen       total 38400K, used 7605K [0x00000000c7400000, 0x00000000c9980000, 0x00000000ed100000)
  object space 38400K, 19% used [0x00000000c7400000,0x00000000c7b6d568,0x00000000c9980000)
 PSPermGen       total 21504K, used 19734K [0x00000000c2200000, 0x00000000c3700000, 0x00000000c7400000)
  object space 21504K, 91% used [0x00000000c2200000,0x00000000c3545a18,0x00000000c3700000)
}

