# JRE version: Java(TM) SE Runtime Environment (7.0_80-b15) (build 1.7.0_80-b15)
# Java VM: Java HotSpot(TM) 64-Bit Server VM (24.80-b11 mixed mode linux-amd64 compressed oops)
Heap
 PSYoungGen      total 17408K, used 10063K [0x00000000ed100000, 0x00000000eed00000, 0x0000000100000000)
  eden space 15360K, 52% used [0x00000000ed100000,0x00000000ed8d62e8,0x00000000ee000000)
  from space 2048K, 99% used [0x00000000ee000000,0x00000000ee1fdc70,0x00000000ee200000)
  to   space 6656K, 0% used [0x00000000ee680000,0x00000000ee680000,0x00000000eed00000)
 ParOldGen       total 38400K, used 9222K [0x00000000c7400000, 0x00000000c9980000, 0x00000000ed100000)
  object space 38400K, 24% used [0x00000000c7400000,0x00000000c7d018e8,0x00000000c9980000)
 PSPermGen       total 22016K, used 21720K [0x00000000c2200000, 0x00000000c3780000, 0x00000000c7400000)
  object space 22016K, 98% used [0x00000000c2200000,0x00000000c3736228,0x00000000c3780000)
GC Heap History (10 events):
Event: 323,534 GC heap before
{Heap before GC invocations=1 (full 0):
 PSYoungGen      total 17408K, used 15337K [0x00000000ed100000, 0x00000000ee400000, 0x0000000100000000)
  eden space 15360K, 99% used [0x00000000ed100000,0x00000000edffa440,0x00000000ee000000)
  from space 2048K, 0% used [0x00000000ee200000,0x00000000ee200000,0x00000000ee400000)
  to   space 2048K, 0% used [0x00000000ee000000,0x00000000ee000000,0x00000000ee200000)
 ParOldGen       total 38400K, used 0K [0x00000000c7400000, 0x00000000c9980000, 0x00000000ed100000)
  object space 38400K, 0% used [0x00000000c7400000,0x00000000c7400000,0x00000000c9980000)
 PSPermGen       total 21504K, used 4328K [0x00000000c2200000, 0x00000000c3700000, 0x00000000c7400000)
  object space 21504K, 20% used [0x00000000c2200000,0x00000000c263a3b0,0x00000000c3700000)
Event: 323,539 GC heap after
Heap after GC invocations=1 (full 0):
 PSYoungGen      total 17408K, used 1064K [0x00000000ed100000, 0x00000000ee400000, 0x0000000100000000)
  eden space 15360K, 0% used [0x00000000ed100000,0x00000000ed100000,0x00000000ee000000)
  from space 2048K, 51% used [0x00000000ee000000,0x00000000ee10a110,0x00000000ee200000)
  to   space 2048K, 0% used [0x00000000ee200000,0x00000000ee200000,0x00000000ee400000)
 ParOldGen       total 38400K, used 0K [0x00000000c7400000, 0x00000000c9980000, 0x00000000ed100000)
  object space 38400K, 0% used [0x00000000c7400000,0x00000000c7400000,0x00000000c9980000)
 PSPermGen       total 21504K, used 4328K [0x00000000c2200000, 0x00000000c3700000, 0x00000000c7400000)
  object space 21504K, 20% used [0x00000000c2200000,0x00000000c263a3b0,0x00000000c3700000)
}
Event: 330,524 GC heap before
{Heap before GC invocations=2 (full 0):
 PSYoungGen      total 17408K, used 16424K [0x00000000ed100000, 0x00000000ee400000, 0x0000000100000000)
  eden space 15360K, 100% used [0x00000000ed100000,0x00000000ee000000,0x00000000ee000000)
  from space 2048K, 51% used [0x00000000ee000000,0x00000000ee10a110,0x00000000ee200000)
  to   space 2048K, 0% used [0x00000000ee200000,0x00000000ee200000,0x00000000ee400000)
 ParOldGen       total 38400K, used 0K [0x00000000c7400000, 0x00000000c9980000, 0x00000000ed100000)
  object space 38400K, 0% used [0x00000000c7400000,0x00000000c7400000,0x00000000c9980000)
 PSPermGen       total 21504K, used 9761K [0x00000000c2200000, 0x00000000c3700000, 0x00000000c7400000)
  object space 21504K, 45% used [0x00000000c2200000,0x00000000c2b88510,0x00000000c3700000)
Event: 330,530 GC heap after
Heap after GC invocations=2 (full 0):
 PSYoungGen      total 17408K, used 2044K [0x00000000ed100000, 0x00000000ee400000, 0x0000000100000000)
  eden space 15360K, 0% used [0x00000000ed100000,0x00000000ed100000,0x00000000ee000000)
  from space 2048K, 99% used [0x00000000ee200000,0x00000000ee3ff1b8,0x00000000ee400000)
  to   space 2048K, 0% used [0x00000000ee000000,0x00000000ee000000,0x00000000ee200000)
 ParOldGen       total 38400K, used 1502K [0x00000000c7400000, 0x00000000c9980000, 0x00000000ed100000)
  object space 38400K, 3% used [0x00000000c7400000,0x00000000c7577b70,0x00000000c9980000)
 PSPermGen       total 21504K, used 9761K [0x00000000c2200000, 0x00000000c3700000, 0x00000000c7400000)
  object space 21504K, 45% used [0x00000000c2200000,0x00000000c2b88510,0x00000000c3700000)
}
Event: 341,844 GC heap before
{Heap before GC invocations=3 (full 0):
 PSYoungGen      total 17408K, used 17404K [0x00000000ed100000, 0x00000000ee400000, 0x0000000100000000)
  eden space 15360K, 100% used [0x00000000ed100000,0x00000000ee000000,0x00000000ee000000)
  from space 2048K, 99% used [0x00000000ee200000,0x00000000ee3ff1b8,0x00000000ee400000)
  to   space 2048K, 0% used [0x00000000ee000000,0x00000000ee000000,0x00000000ee200000)
 ParOldGen       total 38400K, used 1502K [0x00000000c7400000, 0x00000000c9980000, 0x00000000ed100000)
  object space 38400K, 3% used [0x00000000c7400000,0x00000000c7577b70,0x00000000c9980000)
 PSPermGen       total 21504K, used 14763K [0x00000000c2200000, 0x00000000c3700000, 0x00000000c7400000)
  object space 21504K, 68% used [0x00000000c2200000,0x00000000c306ade8,0x00000000c3700000)
Event: 341,855 GC heap after
Heap after GC invocations=3 (full 0):
 PSYoungGen      total 17408K, used 2022K [0x00000000ed100000, 0x00000000ee400000, 0x0000000100000000)
  eden space 15360K, 0% used [0x00000000ed100000,0x00000000ed100000,0x00000000ee000000)
  from space 2048K, 98% used [0x00000000ee000000,0x00000000ee1f9900,0x00000000ee200000)
  to   space 2048K, 0% used [0x00000000ee200000,0x00000000ee200000,0x00000000ee400000)
 ParOldGen       total 38400K, used 4144K [0x00000000c7400000, 0x00000000c9980000, 0x00000000ed100000)
  object space 38400K, 10% used [0x00000000c7400000,0x00000000c780c140,0x00000000c9980000)
 PSPermGen       total 21504K, used 14763K [0x00000000c2200000, 0x00000000c3700000, 0x00000000c7400000)
  object space 21504K, 68% used [0x00000000c2200000,0x00000000c306ade8,0x00000000c3700000)
}
Event: 347,151 GC heap before
{Heap before GC invocations=4 (full 0):
 PSYoungGen      total 17408K, used 17382K [0x00000000ed100000, 0x00000000ee400000, 0x0000000100000000)
  eden space 15360K, 100% used [0x00000000ed100000,0x00000000ee000000,0x00000000ee000000)
  from space 2048K, 98% used [0x00000000ee000000,0x00000000ee1f9900,0x00000000ee200000)
  to   space 2048K, 0% used [0x00000000ee200000,0x00000000ee200000,0x00000000ee400000)
 ParOldGen       total 38400K, used 4144K [0x00000000c7400000, 0x00000000c9980000, 0x00000000ed100000)
  object space 38400K, 10% used [0x00000000c7400000,0x00000000c780c140,0x00000000c9980000)
 PSPermGen       total 21504K, used 19266K [0x00000000c2200000, 0x00000000c3700000, 0x00000000c7400000)
  object space 21504K, 89% used [0x00000000c2200000,0x00000000c34d09b0,0x00000000c3700000)
Event: 347,162 GC heap after
Heap after GC invocations=4 (full 0):
 PSYoungGen      total 17408K, used 2039K [0x00000000ed100000, 0x00000000ee400000, 0x0000000100000000)
  eden space 15360K, 0% used [0x00000000ed100000,0x00000000ed100000,0x00000000ee000000)
  from space 2048K, 99% used [0x00000000ee200000,0x00000000ee3fdc70,0x00000000ee400000)
  to   space 2048K, 0% used [0x00000000ee000000,0x00000000ee000000,0x00000000ee200000)
 ParOldGen       total 38400K, used 7313K [0x00000000c7400000, 0x00000000c9980000, 0x00000000ed100000)
  object space 38400K, 19% used [0x00000000c7400000,0x00000000c7b24570,0x00000000c9980000)
 PSPermGen       total 21504K, used 19266K [0x00000000c2200000, 0x00000000c3700000, 0x00000000c7400000)
  object space 21504K, 89% used [0x00000000c2200000,0x00000000c34d09b0,0x00000000c3700000)
}
Event: 352,904 GC heap before
{Heap before GC invocations=5 (full 0):
 PSYoungGen      total 17408K, used 17399K [0x00000000ed100000, 0x00000000ee400000, 0x0000000100000000)
  eden space 15360K, 100% used [0x00000000ed100000,0x00000000ee000000,0x00000000ee000000)
  from space 2048K, 99% used [0x00000000ee200000,0x00000000ee3fdc70,0x00000000ee400000)
  to   space 2048K, 0% used [0x00000000ee000000,0x00000000ee000000,0x00000000ee200000)
 ParOldGen       total 38400K, used 7313K [0x00000000c7400000, 0x00000000c9980000, 0x00000000ed100000)
  object space 38400K, 19% used [0x00000000c7400000,0x00000000c7b24570,0x00000000c9980000)
 PSPermGen       total 22016K, used 21506K [0x00000000c2200000, 0x00000000c3780000, 0x00000000c7400000)
  object space 22016K, 97% used [0x00000000c2200000,0x00000000c3700a60,0x00000000c3780000)
Event: 352,914 GC heap after
Heap after GC invocations=5 (full 0):
 PSYoungGen      total 17408K, used 2039K [0x00000000ed100000, 0x00000000eed00000, 0x0000000100000000)
  eden space 15360K, 0% used [0x00000000ed100000,0x00000000ed100000,0x00000000ee000000)
  from space 2048K, 99% used [0x00000000ee000000,0x00000000ee1fdc70,0x00000000ee200000)
  to   space 6656K, 0% used [0x00000000ee680000,0x00000000ee680000,0x00000000eed00000)
 ParOldGen       total 38400K, used 9222K [0x00000000c7400000, 0x00000000c9980000, 0x00000000ed100000)
  object space 38400K, 24% used [0x00000000c7400000,0x00000000c7d018e8,0x00000000c9980000)
 PSPermGen       total 22016K, used 21506K [0x00000000c2200000, 0x00000000c3780000, 0x00000000c7400000)
  object space 22016K, 97% used [0x00000000c2200000,0x00000000c3700a60,0x00000000c3780000)
}

