# JRE version: Java(TM) SE Runtime Environment (7.0_80-b15) (build 1.7.0_80-b15)
# Java VM: Java HotSpot(TM) 64-Bit Server VM (24.80-b11 mixed mode linux-amd64 compressed oops)
Heap
 PSYoungGen      total 17408K, used 2297K [0x00000000ed100000, 0x00000000efd00000, 0x0000000100000000)
  eden space 15360K, 1% used [0x00000000ed100000,0x00000000ed144918,0x00000000ee000000)
  from space 2048K, 98% used [0x00000000ee000000,0x00000000ee1f9ca0,0x00000000ee200000)
  to   space 7168K, 0% used [0x00000000ef600000,0x00000000ef600000,0x00000000efd00000)
 ParOldGen       total 38400K, used 9901K [0x00000000c7400000, 0x00000000c9980000, 0x00000000ed100000)
  object space 38400K, 25% used [0x00000000c7400000,0x00000000c7dab6f0,0x00000000c9980000)
 PSPermGen       total 22016K, used 21905K [0x00000000c2200000, 0x00000000c3780000, 0x00000000c7400000)
  object space 22016K, 99% used [0x00000000c2200000,0x00000000c3764530,0x00000000c3780000)
GC Heap History (10 events):
Event: 0,963 GC heap before
{Heap before GC invocations=1 (full 0):
 PSYoungGen      total 17408K, used 15348K [0x00000000ed100000, 0x00000000ee400000, 0x0000000100000000)
  eden space 15360K, 99% used [0x00000000ed100000,0x00000000edffd328,0x00000000ee000000)
  from space 2048K, 0% used [0x00000000ee200000,0x00000000ee200000,0x00000000ee400000)
  to   space 2048K, 0% used [0x00000000ee000000,0x00000000ee000000,0x00000000ee200000)
 ParOldGen       total 38400K, used 0K [0x00000000c7400000, 0x00000000c9980000, 0x00000000ed100000)
  object space 38400K, 0% used [0x00000000c7400000,0x00000000c7400000,0x00000000c9980000)
 PSPermGen       total 21504K, used 2667K [0x00000000c2200000, 0x00000000c3700000, 0x00000000c7400000)
  object space 21504K, 12% used [0x00000000c2200000,0x00000000c249aee8,0x00000000c3700000)
Event: 0,965 GC heap after
Heap after GC invocations=1 (full 0):
 PSYoungGen      total 17408K, used 522K [0x00000000ed100000, 0x00000000ee400000, 0x0000000100000000)
  eden space 15360K, 0% used [0x00000000ed100000,0x00000000ed100000,0x00000000ee000000)
  from space 2048K, 25% used [0x00000000ee000000,0x00000000ee082a40,0x00000000ee200000)
  to   space 2048K, 0% used [0x00000000ee200000,0x00000000ee200000,0x00000000ee400000)
 ParOldGen       total 38400K, used 0K [0x00000000c7400000, 0x00000000c9980000, 0x00000000ed100000)
  object space 38400K, 0% used [0x00000000c7400000,0x00000000c7400000,0x00000000c9980000)
 PSPermGen       total 21504K, used 2667K [0x00000000c2200000, 0x00000000c3700000, 0x00000000c7400000)
  object space 21504K, 12% used [0x00000000c2200000,0x00000000c249aee8,0x00000000c3700000)
}
Event: 1,817 GC heap before
{Heap before GC invocations=2 (full 0):
 PSYoungGen      total 17408K, used 15882K [0x00000000ed100000, 0x00000000ee400000, 0x0000000100000000)
  eden space 15360K, 100% used [0x00000000ed100000,0x00000000ee000000,0x00000000ee000000)
  from space 2048K, 25% used [0x00000000ee000000,0x00000000ee082a40,0x00000000ee200000)
  to   space 2048K, 0% used [0x00000000ee200000,0x00000000ee200000,0x00000000ee400000)
 ParOldGen       total 38400K, used 0K [0x00000000c7400000, 0x00000000c9980000, 0x00000000ed100000)
  object space 38400K, 0% used [0x00000000c7400000,0x00000000c7400000,0x00000000c9980000)
 PSPermGen       total 21504K, used 9106K [0x00000000c2200000, 0x00000000c3700000, 0x00000000c7400000)
  object space 21504K, 42% used [0x00000000c2200000,0x00000000c2ae4a98,0x00000000c3700000)
Event: 1,825 GC heap after
Heap after GC invocations=2 (full 0):
 PSYoungGen      total 17408K, used 2027K [0x00000000ed100000, 0x00000000ee400000, 0x0000000100000000)
  eden space 15360K, 0% used [0x00000000ed100000,0x00000000ed100000,0x00000000ee000000)
  from space 2048K, 99% used [0x00000000ee200000,0x00000000ee3faed0,0x00000000ee400000)
  to   space 2048K, 0% used [0x00000000ee000000,0x00000000ee000000,0x00000000ee200000)
 ParOldGen       total 38400K, used 1656K [0x00000000c7400000, 0x00000000c9980000, 0x00000000ed100000)
  object space 38400K, 4% used [0x00000000c7400000,0x00000000c759e160,0x00000000c9980000)
 PSPermGen       total 21504K, used 9106K [0x00000000c2200000, 0x00000000c3700000, 0x00000000c7400000)
  object space 21504K, 42% used [0x00000000c2200000,0x00000000c2ae4a98,0x00000000c3700000)
}
Event: 2,573 GC heap before
{Heap before GC invocations=3 (full 0):
 PSYoungGen      total 17408K, used 17384K [0x00000000ed100000, 0x00000000ee400000, 0x0000000100000000)
  eden space 15360K, 99% used [0x00000000ed100000,0x00000000edfff3f8,0x00000000ee000000)
  from space 2048K, 99% used [0x00000000ee200000,0x00000000ee3faed0,0x00000000ee400000)
  to   space 2048K, 0% used [0x00000000ee000000,0x00000000ee000000,0x00000000ee200000)
 ParOldGen       total 38400K, used 1656K [0x00000000c7400000, 0x00000000c9980000, 0x00000000ed100000)
  object space 38400K, 4% used [0x00000000c7400000,0x00000000c759e160,0x00000000c9980000)
 PSPermGen       total 21504K, used 15431K [0x00000000c2200000, 0x00000000c3700000, 0x00000000c7400000)
  object space 21504K, 71% used [0x00000000c2200000,0x00000000c3111fc8,0x00000000c3700000)
Event: 2,584 GC heap after
Heap after GC invocations=3 (full 0):
 PSYoungGen      total 17408K, used 2025K [0x00000000ed100000, 0x00000000ee400000, 0x0000000100000000)
  eden space 15360K, 0% used [0x00000000ed100000,0x00000000ed100000,0x00000000ee000000)
  from space 2048K, 98% used [0x00000000ee000000,0x00000000ee1fa420,0x00000000ee200000)
  to   space 2048K, 0% used [0x00000000ee200000,0x00000000ee200000,0x00000000ee400000)
 ParOldGen       total 38400K, used 4616K [0x00000000c7400000, 0x00000000c9980000, 0x00000000ed100000)
  object space 38400K, 12% used [0x00000000c7400000,0x00000000c7882030,0x00000000c9980000)
 PSPermGen       total 21504K, used 15431K [0x00000000c2200000, 0x00000000c3700000, 0x00000000c7400000)
  object space 21504K, 71% used [0x00000000c2200000,0x00000000c3111fc8,0x00000000c3700000)
}
Event: 3,105 GC heap before
{Heap before GC invocations=4 (full 0):
 PSYoungGen      total 17408K, used 17385K [0x00000000ed100000, 0x00000000ee400000, 0x0000000100000000)
  eden space 15360K, 100% used [0x00000000ed100000,0x00000000ee000000,0x00000000ee000000)
  from space 2048K, 98% used [0x00000000ee000000,0x00000000ee1fa420,0x00000000ee200000)
  to   space 2048K, 0% used [0x00000000ee200000,0x00000000ee200000,0x00000000ee400000)
 ParOldGen       total 38400K, used 4616K [0x00000000c7400000, 0x00000000c9980000, 0x00000000ed100000)
  object space 38400K, 12% used [0x00000000c7400000,0x00000000c7882030,0x00000000c9980000)
 PSPermGen       total 21504K, used 19824K [0x00000000c2200000, 0x00000000c3700000, 0x00000000c7400000)
  object space 21504K, 92% used [0x00000000c2200000,0x00000000c355c0f8,0x00000000c3700000)
Event: 3,116 GC heap after
Heap after GC invocations=4 (full 0):
 PSYoungGen      total 17408K, used 2039K [0x00000000ed100000, 0x00000000ef300000, 0x0000000100000000)
  eden space 15360K, 0% used [0x00000000ed100000,0x00000000ed100000,0x00000000ee000000)
  from space 2048K, 99% used [0x00000000ee200000,0x00000000ee3fdc90,0x00000000ee400000)
  to   space 2048K, 0% used [0x00000000ee000000,0x00000000ee000000,0x00000000ee200000)
 ParOldGen       total 38400K, used 7679K [0x00000000c7400000, 0x00000000c9980000, 0x00000000ed100000)
  object space 38400K, 19% used [0x00000000c7400000,0x00000000c7b7fde0,0x00000000c9980000)
 PSPermGen       total 21504K, used 19824K [0x00000000c2200000, 0x00000000c3700000, 0x00000000c7400000)
  object space 21504K, 92% used [0x00000000c2200000,0x00000000c355c0f8,0x00000000c3700000)
}
Event: 3,521 GC heap before
{Heap before GC invocations=5 (full 0):
 PSYoungGen      total 17408K, used 17399K [0x00000000ed100000, 0x00000000ef300000, 0x0000000100000000)
  eden space 15360K, 100% used [0x00000000ed100000,0x00000000ee000000,0x00000000ee000000)
  from space 2048K, 99% used [0x00000000ee200000,0x00000000ee3fdc90,0x00000000ee400000)
  to   space 2048K, 0% used [0x00000000ee000000,0x00000000ee000000,0x00000000ee200000)
 ParOldGen       total 38400K, used 7679K [0x00000000c7400000, 0x00000000c9980000, 0x00000000ed100000)
  object space 38400K, 19% used [0x00000000c7400000,0x00000000c7b7fde0,0x00000000c9980000)
 PSPermGen       total 22016K, used 21877K [0x00000000c2200000, 0x00000000c3780000, 0x00000000c7400000)
  object space 22016K, 99% used [0x00000000c2200000,0x00000000c375d780,0x00000000c3780000)
Event: 3,531 GC heap after
Heap after GC invocations=5 (full 0):
 PSYoungGen      total 17408K, used 2023K [0x00000000ed100000, 0x00000000efd00000, 0x0000000100000000)
  eden space 15360K, 0% used [0x00000000ed100000,0x00000000ed100000,0x00000000ee000000)
  from space 2048K, 98% used [0x00000000ee000000,0x00000000ee1f9ca0,0x00000000ee200000)
  to   space 7168K, 0% used [0x00000000ef600000,0x00000000ef600000,0x00000000efd00000)
 ParOldGen       total 38400K, used 9901K [0x00000000c7400000, 0x00000000c9980000, 0x00000000ed100000)
  object space 38400K, 25% used [0x00000000c7400000,0x00000000c7dab6f0,0x00000000c9980000)
 PSPermGen       total 22016K, used 21877K [0x00000000c2200000, 0x00000000c3780000, 0x00000000c7400000)
  object space 22016K, 99% used [0x00000000c2200000,0x00000000c375d780,0x00000000c3780000)
}

