# JRE version: Java(TM) SE Runtime Environment (7.0_80-b15) (build 1.7.0_80-b15)
# Java VM: Java HotSpot(TM) 64-Bit Server VM (24.80-b11 mixed mode linux-amd64 compressed oops)
Heap
 PSYoungGen      total 32768K, used 4161K [0x00000000ed100000, 0x00000000f1100000, 0x0000000100000000)
  eden space 30720K, 6% used [0x00000000ed100000,0x00000000ed316b30,0x00000000eef00000)
  from space 2048K, 98% used [0x00000000f0f00000,0x00000000f10f9ca0,0x00000000f1100000)
  to   space 2048K, 0% used [0x00000000eef00000,0x00000000eef00000,0x00000000ef100000)
 ParOldGen       total 38400K, used 11310K [0x00000000c7400000, 0x00000000c9980000, 0x00000000ed100000)
  object space 38400K, 29% used [0x00000000c7400000,0x00000000c7f0bb70,0x00000000c9980000)
 PSPermGen       total 24064K, used 23709K [0x00000000c2200000, 0x00000000c3980000, 0x00000000c7400000)
  object space 24064K, 98% used [0x00000000c2200000,0x00000000c3927620,0x00000000c3980000)
GC Heap History (8 events):
Event: 0,325 GC heap before
{Heap before GC invocations=1 (full 0):
 PSYoungGen      total 17408K, used 15337K [0x00000000ed100000, 0x00000000ee400000, 0x0000000100000000)
  eden space 15360K, 99% used [0x00000000ed100000,0x00000000edffa480,0x00000000ee000000)
  from space 2048K, 0% used [0x00000000ee200000,0x00000000ee200000,0x00000000ee400000)
  to   space 2048K, 0% used [0x00000000ee000000,0x00000000ee000000,0x00000000ee200000)
 ParOldGen       total 38400K, used 0K [0x00000000c7400000, 0x00000000c9980000, 0x00000000ed100000)
  object space 38400K, 0% used [0x00000000c7400000,0x00000000c7400000,0x00000000c9980000)
 PSPermGen       total 21504K, used 4325K [0x00000000c2200000, 0x00000000c3700000, 0x00000000c7400000)
  object space 21504K, 20% used [0x00000000c2200000,0x00000000c26395e0,0x00000000c3700000)
Event: 0,329 GC heap after
Heap after GC invocations=1 (full 0):
 PSYoungGen      total 17408K, used 1143K [0x00000000ed100000, 0x00000000ef300000, 0x0000000100000000)
  eden space 15360K, 0% used [0x00000000ed100000,0x00000000ed100000,0x00000000ee000000)
  from space 2048K, 55% used [0x00000000ee000000,0x00000000ee11dfe0,0x00000000ee200000)
  to   space 2048K, 0% used [0x00000000ef100000,0x00000000ef100000,0x00000000ef300000)
 ParOldGen       total 38400K, used 0K [0x00000000c7400000, 0x00000000c9980000, 0x00000000ed100000)
  object space 38400K, 0% used [0x00000000c7400000,0x00000000c7400000,0x00000000c9980000)
 PSPermGen       total 21504K, used 4325K [0x00000000c2200000, 0x00000000c3700000, 0x00000000c7400000)
  object space 21504K, 20% used [0x00000000c2200000,0x00000000c26395e0,0x00000000c3700000)
}
Event: 0,866 GC heap before
{Heap before GC invocations=2 (full 0):
 PSYoungGen      total 17408K, used 16503K [0x00000000ed100000, 0x00000000ef300000, 0x0000000100000000)
  eden space 15360K, 100% used [0x00000000ed100000,0x00000000ee000000,0x00000000ee000000)
  from space 2048K, 55% used [0x00000000ee000000,0x00000000ee11dfe0,0x00000000ee200000)
  to   space 2048K, 0% used [0x00000000ef100000,0x00000000ef100000,0x00000000ef300000)
 ParOldGen       total 38400K, used 0K [0x00000000c7400000, 0x00000000c9980000, 0x00000000ed100000)
  object space 38400K, 0% used [0x00000000c7400000,0x00000000c7400000,0x00000000c9980000)
 PSPermGen       total 21504K, used 9767K [0x00000000c2200000, 0x00000000c3700000, 0x00000000c7400000)
  object space 21504K, 45% used [0x00000000c2200000,0x00000000c2b89c10,0x00000000c3700000)
Event: 0,874 GC heap after
Heap after GC invocations=2 (full 0):
 PSYoungGen      total 32768K, used 2028K [0x00000000ed100000, 0x00000000ef300000, 0x0000000100000000)
  eden space 30720K, 0% used [0x00000000ed100000,0x00000000ed100000,0x00000000eef00000)
  from space 2048K, 99% used [0x00000000ef100000,0x00000000ef2fb1d8,0x00000000ef300000)
  to   space 2048K, 0% used [0x00000000eef00000,0x00000000eef00000,0x00000000ef100000)
 ParOldGen       total 38400K, used 1581K [0x00000000c7400000, 0x00000000c9980000, 0x00000000ed100000)
  object space 38400K, 4% used [0x00000000c7400000,0x00000000c758b4d8,0x00000000c9980000)
 PSPermGen       total 21504K, used 9767K [0x00000000c2200000, 0x00000000c3700000, 0x00000000c7400000)
  object space 21504K, 45% used [0x00000000c2200000,0x00000000c2b89c10,0x00000000c3700000)
}
Event: 2,002 GC heap before
{Heap before GC invocations=3 (full 0):
 PSYoungGen      total 32768K, used 32748K [0x00000000ed100000, 0x00000000ef300000, 0x0000000100000000)
  eden space 30720K, 100% used [0x00000000ed100000,0x00000000eef00000,0x00000000eef00000)
  from space 2048K, 99% used [0x00000000ef100000,0x00000000ef2fb1d8,0x00000000ef300000)
  to   space 2048K, 0% used [0x00000000eef00000,0x00000000eef00000,0x00000000ef100000)
 ParOldGen       total 38400K, used 1581K [0x00000000c7400000, 0x00000000c9980000, 0x00000000ed100000)
  object space 38400K, 4% used [0x00000000c7400000,0x00000000c758b4d8,0x00000000c9980000)
 PSPermGen       total 21504K, used 19216K [0x00000000c2200000, 0x00000000c3700000, 0x00000000c7400000)
  object space 21504K, 89% used [0x00000000c2200000,0x00000000c34c4310,0x00000000c3700000)
Event: 2,018 GC heap after
Heap after GC invocations=3 (full 0):
 PSYoungGen      total 32768K, used 2023K [0x00000000ed100000, 0x00000000f1100000, 0x0000000100000000)
  eden space 30720K, 0% used [0x00000000ed100000,0x00000000ed100000,0x00000000eef00000)
  from space 2048K, 98% used [0x00000000eef00000,0x00000000ef0f9c80,0x00000000ef100000)
  to   space 2048K, 0% used [0x00000000f0f00000,0x00000000f0f00000,0x00000000f1100000)
 ParOldGen       total 38400K, used 7494K [0x00000000c7400000, 0x00000000c9980000, 0x00000000ed100000)
  object space 38400K, 19% used [0x00000000c7400000,0x00000000c7b51ab8,0x00000000c9980000)
 PSPermGen       total 21504K, used 19216K [0x00000000c2200000, 0x00000000c3700000, 0x00000000c7400000)
  object space 21504K, 89% used [0x00000000c2200000,0x00000000c34c4310,0x00000000c3700000)
}
Event: 156,916 GC heap before
{Heap before GC invocations=4 (full 0):
 PSYoungGen      total 32768K, used 32743K [0x00000000ed100000, 0x00000000f1100000, 0x0000000100000000)
  eden space 30720K, 100% used [0x00000000ed100000,0x00000000eef00000,0x00000000eef00000)
  from space 2048K, 98% used [0x00000000eef00000,0x00000000ef0f9c80,0x00000000ef100000)
  to   space 2048K, 0% used [0x00000000f0f00000,0x00000000f0f00000,0x00000000f1100000)
 ParOldGen       total 38400K, used 7494K [0x00000000c7400000, 0x00000000c9980000, 0x00000000ed100000)
  object space 38400K, 19% used [0x00000000c7400000,0x00000000c7b51ab8,0x00000000c9980000)
 PSPermGen       total 23552K, used 23383K [0x00000000c2200000, 0x00000000c3900000, 0x00000000c7400000)
  object space 23552K, 99% used [0x00000000c2200000,0x00000000c38d5c38,0x00000000c3900000)
Event: 156,933 GC heap after
Heap after GC invocations=4 (full 0):
 PSYoungGen      total 32768K, used 2023K [0x00000000ed100000, 0x00000000f1100000, 0x0000000100000000)
  eden space 30720K, 0% used [0x00000000ed100000,0x00000000ed100000,0x00000000eef00000)
  from space 2048K, 98% used [0x00000000f0f00000,0x00000000f10f9ca0,0x00000000f1100000)
  to   space 2048K, 0% used [0x00000000eef00000,0x00000000eef00000,0x00000000ef100000)
 ParOldGen       total 38400K, used 11310K [0x00000000c7400000, 0x00000000c9980000, 0x00000000ed100000)
  object space 38400K, 29% used [0x00000000c7400000,0x00000000c7f0bb70,0x00000000c9980000)
 PSPermGen       total 23552K, used 23383K [0x00000000c2200000, 0x00000000c3900000, 0x00000000c7400000)
  object space 23552K, 99% used [0x00000000c2200000,0x00000000c38d5c38,0x00000000c3900000)
}

